Build started 2018-01-13 12:25:21.
     1>Project "C:\Users\PG4627VD\Desktop\Colab\Viktoras Dechtiar 11 testas.vcxproj" on node 2 (Build target(s)).
     1>ClCompile:
         C:\Program Files (x86)\Microsoft Visual Studio 11.0\VC\bin\CL.exe /c /ZI /nologo /W3 /WX- /Od /Oy- /D WIN32 /D _DEBUG /D _CONSOLE /D _UNICODE /D UNICODE /Gm /EHsc /RTC1 /MDd /GS /fp:precise /Zc:wchar_t /Zc:forScope /Fo"Debug\\" /Fd"Debug\vc110.pdb" /Gd /TP /analyze- /errorReport:prompt Singleton.cpp Source.cpp
         Source.cpp
     1>c:\users\pg4627vd\desktop\colab\source.cpp(2): fatal error C1083: Cannot open include file: 'Singleton.h': No such file or directory
         Singleton.cpp
         Generating Code...
     1>Done Building Project "C:\Users\PG4627VD\Desktop\Colab\Viktoras Dechtiar 11 testas.vcxproj" (Build target(s)) -- FAILED.

Build FAILED.

Time Elapsed 00:00:02.07
